<?xml version="1.0" encoding="UTF-8"?>
<testsuite xmlns:xsi="http://www.w3.org/2001/XMLSchema-instance" xsi:noNamespaceSchemaLocation="https://maven.apache.org/surefire/maven-surefire-plugin/xsd/surefire-test-report-3.0.xsd" version="3.0" name="com.sysco.web.MissionAssistantApiTest" time="20.91" tests="1" errors="0" skipped="0" failures="0">
  <properties>
[...]
</properties>
  <testcase name="missionAssistantChat_returnsJson_localMode" classname="com.sysco.web.MissionAssistantApiTest" time="1.201">
    <system-out><![CDATA[09:42:29.703 [main] INFO org.springframework.test.context.support.AnnotationConfigContextLoaderUtils -- Could not detect default configuration classes for test class [com.sysco.web.MissionAssistantApiTest]: MissionAssistantApiTest does not declare any static, non-private, non-final, nested classes annotated with @Configuration.
09:42:29.920 [main] INFO org.springframework.boot.test.context.SpringBootTestContextBootstrapper -- Found @SpringBootConfiguration com.sysco.web.SyscoWebApplication for test class com.sysco.web.MissionAssistantApiTest

  .   ____          _            __ _ _
 /\\ / ___'_ __ _ _(_)_ __  __ _ \ \ \ \
( ( )\___ | '_ | '_| | '_ \/ _` | \ \ \ \
 \\/  ___)| |_)| | | | | || (_| |  ) ) ) )
  '  |____| .__|_| |_|_| |_\__, | / / / /
 =========|_|==============|___/=/_/_/_/
 :: Spring Boot ::                (v3.2.5)

2026-05-14T09:42:30.603+01:00  INFO 2324 --- [           main] com.sysco.web.MissionAssistantApiTest    : Starting MissionAssistantApiTest using Java 17.0.18 with PID 2324 (started by Israe in C:\sqlite\javafx-audit-system\sysco-web)
2026-05-14T09:42:30.603+01:00  INFO 2324 --- [           main] com.sysco.web.MissionAssistantApiTest    : No active profile set, falling back to 1 default profile: "default"
2026-05-14T09:42:32.719+01:00  INFO 2324 --- [           main] .s.d.r.c.RepositoryConfigurationDelegate : Bootstrapping Spring Data JPA repositories in DEFAULT mode.
2026-05-14T09:42:32.969+01:00  INFO 2324 --- [           main] .s.d.r.c.RepositoryConfigurationDelegate : Finished Spring Data repository scanning in 237 ms. Found 28 JPA repository interfaces.
2026-05-14T09:42:34.143+01:00  INFO 2324 --- [           main] com.zaxxer.hikari.HikariDataSource       : HikariPool-1 - Starting...
2026-05-14T09:42:36.484+01:00  INFO 2324 --- [           main] com.zaxxer.hikari.pool.HikariPool        : HikariPool-1 - Added connection conn0: url=jdbc:h2:mem:sysco-web-test user=SA
2026-05-14T09:42:36.498+01:00  INFO 2324 --- [           main] com.zaxxer.hikari.HikariDataSource       : HikariPool-1 - Start completed.
2026-05-14T09:42:36.635+01:00  INFO 2324 --- [           main] o.f.c.internal.license.VersionPrinter    : Flyway Community Edition 9.22.3 by Redgate
2026-05-14T09:42:36.635+01:00  INFO 2324 --- [           main] o.f.c.internal.license.VersionPrinter    : See release notes here: https://rd.gt/416ObMi
2026-05-14T09:42:36.635+01:00  INFO 2324 --- [           main] o.f.c.internal.license.VersionPrinter    : 
2026-05-14T09:42:36.702+01:00  INFO 2324 --- [           main] org.flywaydb.core.FlywayExecutor         : Database: jdbc:h2:mem:sysco-web-test (H2 2.2)
2026-05-14T09:42:36.704+01:00  WARN 2324 --- [           main] o.f.c.internal.database.base.Database    : Flyway upgrade recommended: H2 2.2.224 is newer than this version of Flyway and support has not been tested. The latest supported version of H2 is 2.2.220.
2026-05-14T09:42:36.769+01:00  INFO 2324 --- [           main] o.f.c.i.s.JdbcTableSchemaHistory         : Schema history table "PUBLIC"."flyway_schema_history" does not exist yet
2026-05-14T09:42:36.784+01:00  INFO 2324 --- [           main] o.f.core.internal.command.DbValidate     : Successfully validated 34 migrations (execution time 00:00.058s)
2026-05-14T09:42:36.785+01:00  INFO 2324 --- [           main] o.f.c.i.s.JdbcTableSchemaHistory         : Creating Schema History table "PUBLIC"."flyway_schema_history" ...
2026-05-14T09:42:36.818+01:00  INFO 2324 --- [           main] o.f.core.internal.command.DbMigrate      : Current version of schema "PUBLIC": << Empty Schema >>
2026-05-14T09:42:36.850+01:00  INFO 2324 --- [           main] o.f.core.internal.command.DbMigrate      : Migrating schema "PUBLIC" to version "1 - sysco baseline"
2026-05-14T09:42:36.933+01:00  INFO 2324 --- [           main] o.f.core.internal.command.DbMigrate      : Migrating schema "PUBLIC" to version "2 - ticket detail features"
2026-05-14T09:42:36.951+01:00  INFO 2324 --- [           main] o.f.core.internal.command.DbMigrate      : Migrating schema "PUBLIC" to version "3 - chat notifications realtime"
2026-05-14T09:42:36.968+01:00  INFO 2324 --- [           main] o.f.core.internal.command.DbMigrate      : Migrating schema "PUBLIC" to version "4 - ticket workflow timestamps"
2026-05-14T09:42:36.999+01:00  INFO 2324 --- [           main] o.f.core.internal.command.DbMigrate      : Migrating schema "PUBLIC" to version "5 - chat message rich features"
2026-05-14T09:42:37.022+01:00  INFO 2324 --- [           main] o.f.core.internal.command.DbMigrate      : Migrating schema "PUBLIC" to version "6 - ticket multi assignment"
2026-05-14T09:42:37.032+01:00  INFO 2324 --- [           main] o.f.core.internal.command.DbMigrate      : Migrating schema "PUBLIC" to version "7 - task workflow enhancements"
2026-05-14T09:42:37.068+01:00  INFO 2324 --- [           main] o.f.core.internal.command.DbMigrate      : Migrating schema "PUBLIC" to version "8 - task comments"
2026-05-14T09:42:37.068+01:00  INFO 2324 --- [           main] o.f.core.internal.command.DbMigrate      : Migrating schema "PUBLIC" to version "9 - data share shared file"
2026-05-14T09:42:37.084+01:00  INFO 2324 --- [           main] o.f.core.internal.command.DbMigrate      : Migrating schema "PUBLIC" to version "10 - task comment attachment"
2026-05-14T09:42:37.084+01:00  INFO 2324 --- [           main] o.f.core.internal.command.DbMigrate      : Migrating schema "PUBLIC" to version "11 - ticket closure workflow"
2026-05-14T09:42:37.122+01:00  INFO 2324 --- [           main] o.f.core.internal.command.DbMigrate      : Migrating schema "PUBLIC" to version "12 - ticket merge into"
2026-05-14T09:42:37.132+01:00  INFO 2324 --- [           main] o.f.core.internal.command.DbMigrate      : Migrating schema "PUBLIC" to version "13 - ticket close review users"
2026-05-14T09:42:37.145+01:00  INFO 2324 --- [           main] o.f.core.internal.command.DbMigrate      : Migrating schema "PUBLIC" to version "14 - attendance records"
2026-05-14T09:42:37.154+01:00  INFO 2324 --- [           main] o.f.core.internal.command.DbMigrate      : Migrating schema "PUBLIC" to version "15 - field mission participants attachments"
2026-05-14T09:42:37.162+01:00  INFO 2324 --- [           main] o.f.core.internal.command.DbMigrate      : Migrating schema "PUBLIC" to version "16 - agenda absences holidays"
2026-05-14T09:42:37.169+01:00  INFO 2324 --- [           main] o.f.core.internal.command.DbMigrate      : Migrating schema "PUBLIC" to version "17 - user chat last seen"
2026-05-14T09:42:37.185+01:00  INFO 2324 --- [           main] o.f.core.internal.command.DbMigrate      : Migrating schema "PUBLIC" to version "18 - automated job last due notified"
2026-05-14T09:42:37.201+01:00  INFO 2324 --- [           main] o.f.core.internal.command.DbMigrate      : Migrating schema "PUBLIC" to version "19 - courier packet ticket on delete set null"
2026-05-14T09:42:37.201+01:00  INFO 2324 --- [           main] o.f.core.internal.command.DbMigrate      : Migrating schema "PUBLIC" to version "20 - file share mgmt access requests"
2026-05-14T09:42:37.224+01:00  INFO 2324 --- [           main] o.f.core.internal.command.DbMigrate      : Migrating schema "PUBLIC" to version "21 - field mission logistics"
2026-05-14T09:42:37.254+01:00  INFO 2324 --- [           main] o.f.core.internal.command.DbMigrate      : Migrating schema "PUBLIC" to version "22 - mission order dgda"
2026-05-14T09:42:37.276+01:00  INFO 2324 --- [           main] o.f.core.internal.command.DbMigrate      : Migrating schema "PUBLIC" to version "23 - ticket external escalation"
2026-05-14T09:42:37.298+01:00  INFO 2324 --- [           main] o.f.core.internal.command.DbMigrate      : Migrating schema "PUBLIC" to version "24 - user onboarding tutorial"
2026-05-14T09:42:37.301+01:00  INFO 2324 --- [           main] o.f.core.internal.command.DbMigrate      : Migrating schema "PUBLIC" to version "25 - ticket external create flow"
2026-05-14T09:42:37.340+01:00  INFO 2324 --- [           main] o.f.core.internal.command.DbMigrate      : Migrating schema "PUBLIC" to version "26 - external ticket strip reporter context"
2026-05-14T09:42:37.351+01:00  INFO 2324 --- [           main] o.f.core.internal.command.DbMigrate      : Migrating schema "PUBLIC" to version "27 - promote demo admin to super admin"
2026-05-14T09:42:37.356+01:00  INFO 2324 --- [           main] o.f.core.internal.command.DbMigrate      : Migrating schema "PUBLIC" to version "28 - login lockout tier"
2026-05-14T09:42:37.368+01:00  INFO 2324 --- [           main] o.f.core.internal.command.DbMigrate      : Migrating schema "PUBLIC" to version "29 - shift weekly policies"
2026-05-14T09:42:37.387+01:00  INFO 2324 --- [           main] o.f.core.internal.command.DbMigrate      : Migrating schema "PUBLIC" to version "30 - chat conversation last read"
2026-05-14T09:42:37.404+01:00  INFO 2324 --- [           main] o.f.core.internal.command.DbMigrate      : Migrating schema "PUBLIC" to version "31 - ticket closed by"
2026-05-14T09:42:37.404+01:00  INFO 2324 --- [           main] o.f.core.internal.command.DbMigrate      : Migrating schema "PUBLIC" to version "32 - ticket planner visible after"
2026-05-14T09:42:37.418+01:00  INFO 2324 --- [           main] o.f.core.internal.command.DbMigrate      : Migrating schema "PUBLIC" to version "33 - mission report assignee"
2026-05-14T09:42:37.432+01:00  INFO 2324 --- [           main] o.f.core.internal.command.DbMigrate      : Migrating schema "PUBLIC" to version "34 - shift punch day override scope"
2026-05-14T09:42:37.451+01:00  INFO 2324 --- [           main] o.f.core.internal.command.DbMigrate      : Successfully applied 34 migrations to schema "PUBLIC", now at version v34 (execution time 00:00.386s)
2026-05-14T09:42:37.617+01:00  INFO 2324 --- [           main] o.hibernate.jpa.internal.util.LogHelper  : HHH000204: Processing PersistenceUnitInfo [name: default]
2026-05-14T09:42:37.792+01:00  INFO 2324 --- [           main] org.hibernate.Version                    : HHH000412: Hibernate ORM core version 6.4.4.Final
2026-05-14T09:42:37.881+01:00  INFO 2324 --- [           main] o.h.c.internal.RegionFactoryInitiator    : HHH000026: Second-level cache disabled
2026-05-14T09:42:38.575+01:00  INFO 2324 --- [           main] o.s.o.j.p.SpringPersistenceUnitInfo      : No LoadTimeWeaver setup: ignoring JPA class transformer
2026-05-14T09:42:40.716+01:00  INFO 2324 --- [           main] o.h.e.t.j.p.i.JtaPlatformInitiator       : HHH000489: No JTA platform available (set 'hibernate.transaction.jta.platform' to enable JTA platform integration)
2026-05-14T09:42:40.716+01:00  INFO 2324 --- [           main] j.LocalContainerEntityManagerFactoryBean : Initialized JPA EntityManagerFactory for persistence unit 'default'
2026-05-14T09:42:41.333+01:00  INFO 2324 --- [           main] o.s.d.j.r.query.QueryEnhancerFactory     : Hibernate is in classpath; If applicable, HQL parser will be used.
2026-05-14T09:42:45.652+01:00  WARN 2324 --- [           main] JpaBaseConfiguration$JpaWebConfiguration : spring.jpa.open-in-view is enabled by default. Therefore, database queries may be performed during view rendering. Explicitly configure spring.jpa.open-in-view to disable this warning
2026-05-14T09:42:46.402+01:00  INFO 2324 --- [           main] o.s.s.web.DefaultSecurityFilterChain     : Will secure any request with [org.springframework.security.web.session.DisableEncodeUrlFilter@2d3650fe, org.springframework.security.web.context.request.async.WebAsyncManagerIntegrationFilter@57dc1488, org.springframework.security.web.context.SecurityContextHolderFilter@64e865ba, org.springframework.security.web.header.HeaderWriterFilter@b5215b4, org.springframework.web.filter.CorsFilter@48b5e658, org.springframework.security.web.csrf.CsrfFilter@971a08b, org.springframework.security.web.authentication.logout.LogoutFilter@475d6448, org.springframework.security.web.authentication.UsernamePasswordAuthenticationFilter@2af0e55a, org.springframework.security.web.savedrequest.RequestCacheAwareFilter@4994eac3, org.springframework.security.web.servletapi.SecurityContextHolderAwareRequestFilter@3b021d07, org.springframework.security.web.authentication.AnonymousAuthenticationFilter@4505a5b0, org.springframework.security.web.access.ExceptionTranslationFilter@64ae6c79, org.springframework.security.web.access.intercept.AuthorizationFilter@78afd569, com.sysco.web.security.FileShareManagementAccessFilter@6b1d8e3f]
2026-05-14T09:42:47.179+01:00  INFO 2324 --- [           main] o.s.b.t.m.w.SpringBootMockServletContext : Initializing Spring TestDispatcherServlet ''
2026-05-14T09:42:47.194+01:00  INFO 2324 --- [           main] o.s.t.web.servlet.TestDispatcherServlet  : Initializing Servlet ''
2026-05-14T09:42:47.197+01:00  INFO 2324 --- [           main] o.s.t.web.servlet.TestDispatcherServlet  : Completed initialization in 3 ms
2026-05-14T09:42:47.216+01:00  INFO 2324 --- [           main] o.s.m.s.b.SimpleBrokerMessageHandler     : Starting...
2026-05-14T09:42:47.227+01:00  INFO 2324 --- [           main] o.s.m.s.b.SimpleBrokerMessageHandler     : BrokerAvailabilityEvent[available=true, SimpleBrokerMessageHandler [org.springframework.messaging.simp.broker.DefaultSubscriptionRegistry@a807d5b]]
2026-05-14T09:42:47.231+01:00  INFO 2324 --- [           main] o.s.m.s.b.SimpleBrokerMessageHandler     : Started.
2026-05-14T09:42:47.249+01:00  INFO 2324 --- [           main] com.sysco.web.MissionAssistantApiTest    : Started MissionAssistantApiTest in 17.063 seconds (process running for 18.541)
2026-05-14T09:42:47.729+01:00  INFO 2324 --- [           main] c.s.w.b.DgdaOrganizationSeedRunner       : DGDA organisation seed checked (16 DGDA directions defined). This run: +16 sous_direction rows, +34 direction rows (totals: sous_directions=16, directions=34).
2026-05-14T09:42:48.312+01:00  WARN 2324 --- [           main] c.s.w.b.DstiOrganizationSeedRunner       : Duplicate matricule '903093' detected in spreadsheet list; first row kept.
2026-05-14T09:42:49.095+01:00  INFO 2324 --- [           main] c.s.w.b.DstiOrganizationSeedRunner       : DSTI spreadsheet users synchronized: 56 active users.
2026-05-14T09:42:49.111+01:00  WARN 2324 --- [           main] c.s.w.service.MailOutboundAvailability   : Outbound e-mail is disabled: spring.mail.host is blank. Set SPRING_MAIL_HOST (and credentials) to deliver ticket e-mails.
]]></system-out>
  </testcase>
</testsuite>