<?xml version="1.0" encoding="UTF-8"?>
<testsuite xmlns:xsi="http://www.w3.org/2001/XMLSchema-instance" xsi:noNamespaceSchemaLocation="https://maven.apache.org/surefire/maven-surefire-plugin/xsd/surefire-test-report-3.0.xsd" version="3.0" name="com.sysco.web.SecurityScopeIntegrationTest" time="4.188" tests="3" errors="0" skipped="0" failures="0">
  <properties>
[...]
</properties>
  <testcase name="ticketMovementCreatesOwnerNotification" classname="com.sysco.web.SecurityScopeIntegrationTest" time="0.048">
    <system-out><![CDATA[2026-05-14T09:42:50.365+01:00  INFO 2324 --- [           main] t.c.s.AnnotationConfigContextLoaderUtils : Could not detect default configuration classes for test class [com.sysco.web.SecurityScopeIntegrationTest]: SecurityScopeIntegrationTest does not declare any static, non-private, non-final, nested classes annotated with @Configuration.
2026-05-14T09:42:50.370+01:00  INFO 2324 --- [           main] .b.t.c.SpringBootTestContextBootstrapper : Found @SpringBootConfiguration com.sysco.web.SyscoWebApplication for test class com.sysco.web.SecurityScopeIntegrationTest

  .   ____          _            __ _ _
 /\\ / ___'_ __ _ _(_)_ __  __ _ \ \ \ \
( ( )\___ | '_ | '_| | '_ \/ _` | \ \ \ \
 \\/  ___)| |_)| | | | | || (_| |  ) ) ) )
  '  |____| .__|_| |_|_| |_\__, | / / / /
 =========|_|==============|___/=/_/_/_/
 :: Spring Boot ::                (v3.2.5)

2026-05-14T09:42:50.444+01:00  INFO 2324 --- [           main] c.s.web.SecurityScopeIntegrationTest     : Starting SecurityScopeIntegrationTest using Java 17.0.18 with PID 2324 (started by Israe in C:\sqlite\javafx-audit-system\sysco-web)
2026-05-14T09:42:50.444+01:00  INFO 2324 --- [           main] c.s.web.SecurityScopeIntegrationTest     : No active profile set, falling back to 1 default profile: "default"
2026-05-14T09:42:51.149+01:00  INFO 2324 --- [           main] .s.d.r.c.RepositoryConfigurationDelegate : Bootstrapping Spring Data JPA repositories in DEFAULT mode.
2026-05-14T09:42:51.230+01:00  INFO 2324 --- [           main] .s.d.r.c.RepositoryConfigurationDelegate : Finished Spring Data repository scanning in 81 ms. Found 28 JPA repository interfaces.
2026-05-14T09:42:51.444+01:00  INFO 2324 --- [           main] com.zaxxer.hikari.HikariDataSource       : HikariPool-2 - Starting...
2026-05-14T09:42:51.444+01:00  INFO 2324 --- [           main] com.zaxxer.hikari.pool.HikariPool        : HikariPool-2 - Added connection conn10: url=jdbc:h2:mem:sysco-web-test user=SA
2026-05-14T09:42:51.444+01:00  INFO 2324 --- [           main] com.zaxxer.hikari.HikariDataSource       : HikariPool-2 - Start completed.
2026-05-14T09:42:51.463+01:00  INFO 2324 --- [           main] org.flywaydb.core.FlywayExecutor         : Database: jdbc:h2:mem:sysco-web-test (H2 2.2)
2026-05-14T09:42:51.463+01:00  WARN 2324 --- [           main] o.f.c.internal.database.base.Database    : Flyway upgrade recommended: H2 2.2.224 is newer than this version of Flyway and support has not been tested. The latest supported version of H2 is 2.2.220.
2026-05-14T09:42:51.494+01:00  INFO 2324 --- [           main] o.f.core.internal.command.DbValidate     : Successfully validated 34 migrations (execution time 00:00.033s)
2026-05-14T09:42:51.494+01:00  INFO 2324 --- [           main] o.f.core.internal.command.DbMigrate      : Current version of schema "PUBLIC": 34
2026-05-14T09:42:51.494+01:00  INFO 2324 --- [           main] o.f.core.internal.command.DbMigrate      : Schema "PUBLIC" is up to date. No migration necessary.
2026-05-14T09:42:51.532+01:00  INFO 2324 --- [           main] o.hibernate.jpa.internal.util.LogHelper  : HHH000204: Processing PersistenceUnitInfo [name: default]
2026-05-14T09:42:51.546+01:00  INFO 2324 --- [           main] o.h.c.internal.RegionFactoryInitiator    : HHH000026: Second-level cache disabled
2026-05-14T09:42:51.546+01:00  INFO 2324 --- [           main] o.s.o.j.p.SpringPersistenceUnitInfo      : No LoadTimeWeaver setup: ignoring JPA class transformer
2026-05-14T09:42:52.075+01:00  INFO 2324 --- [           main] o.h.e.t.j.p.i.JtaPlatformInitiator       : HHH000489: No JTA platform available (set 'hibernate.transaction.jta.platform' to enable JTA platform integration)
2026-05-14T09:42:52.076+01:00  INFO 2324 --- [           main] j.LocalContainerEntityManagerFactoryBean : Initialized JPA EntityManagerFactory for persistence unit 'default'
2026-05-14T09:42:52.910+01:00  WARN 2324 --- [           main] JpaBaseConfiguration$JpaWebConfiguration : spring.jpa.open-in-view is enabled by default. Therefore, database queries may be performed during view rendering. Explicitly configure spring.jpa.open-in-view to disable this warning
2026-05-14T09:42:53.125+01:00  INFO 2324 --- [           main] o.s.s.web.DefaultSecurityFilterChain     : Will secure any request with [org.springframework.security.web.session.DisableEncodeUrlFilter@45173e4c, org.springframework.security.web.context.request.async.WebAsyncManagerIntegrationFilter@6596e62b, org.springframework.security.web.context.SecurityContextHolderFilter@4fa77e22, org.springframework.security.web.header.HeaderWriterFilter@7a87dd47, org.springframework.web.filter.CorsFilter@e6b3322, org.springframework.security.web.csrf.CsrfFilter@735e97d6, org.springframework.security.web.authentication.logout.LogoutFilter@f2019ff, org.springframework.security.web.authentication.UsernamePasswordAuthenticationFilter@4af7290c, org.springframework.security.web.savedrequest.RequestCacheAwareFilter@48c0a027, org.springframework.security.web.servletapi.SecurityContextHolderAwareRequestFilter@3f2bb184, org.springframework.security.web.authentication.AnonymousAuthenticationFilter@7da7d4aa, org.springframework.security.web.access.ExceptionTranslationFilter@1c7d7c3f, org.springframework.security.web.access.intercept.AuthorizationFilter@20697fe4, com.sysco.web.security.FileShareManagementAccessFilter@1a2e5110]
2026-05-14T09:42:53.337+01:00  INFO 2324 --- [           main] o.s.m.s.b.SimpleBrokerMessageHandler     : Starting...
2026-05-14T09:42:53.337+01:00  INFO 2324 --- [           main] o.s.m.s.b.SimpleBrokerMessageHandler     : BrokerAvailabilityEvent[available=true, SimpleBrokerMessageHandler [org.springframework.messaging.simp.broker.DefaultSubscriptionRegistry@584cb039]]
2026-05-14T09:42:53.337+01:00  INFO 2324 --- [           main] o.s.m.s.b.SimpleBrokerMessageHandler     : Started.
2026-05-14T09:42:53.346+01:00  INFO 2324 --- [           main] c.s.web.SecurityScopeIntegrationTest     : Started SecurityScopeIntegrationTest in 2.972 seconds (process running for 24.638)
2026-05-14T09:42:53.493+01:00  INFO 2324 --- [           main] c.s.w.b.DgdaOrganizationSeedRunner       : DGDA organisation seed checked (16 DGDA directions defined). This run: +0 sous_direction rows, +0 direction rows (totals: sous_directions=16, directions=34).
2026-05-14T09:42:53.618+01:00  WARN 2324 --- [           main] c.s.w.b.DstiOrganizationSeedRunner       : Duplicate matricule '903093' detected in spreadsheet list; first row kept.
2026-05-14T09:42:54.368+01:00  INFO 2324 --- [           main] c.s.w.b.DstiOrganizationSeedRunner       : DSTI spreadsheet users synchronized: 56 active users.
2026-05-14T09:42:54.378+01:00  WARN 2324 --- [           main] c.s.w.service.MailOutboundAvailability   : Outbound e-mail is disabled: spring.mail.host is blank. Set SPRING_MAIL_HOST (and credentials) to deliver ticket e-mails.
]]></system-out>
  </testcase>
  <testcase name="directionScopeBlocksCrossDirectionTicketAccess" classname="com.sysco.web.SecurityScopeIntegrationTest" time="0.015"/>
  <testcase name="superAdminIsSeededWithExpectedUsername" classname="com.sysco.web.SecurityScopeIntegrationTest" time="0.104"/>
</testsuite>